<?xml version="1.0" encoding="UTF-8"?>
<!-- Generated by org.testng.reporters.JUnitXMLReporter -->
<testsuite hostname="saads-MBP" ignored="0" name="Default test" tests="3" failures="0" timestamp="20 Oct 2018 09:31:35 GMT" time="20.92" errors="0">
  <testcase name="openWebsite" time="0.297" classname="test.HomeSearchTest"/>
  <testcase name="searchResultCount" time="20.291" classname="test.HomeSearchTest"/>
  <testcase name="searchHomes" time="0.313" classname="test.HomeSearchTest"/>
</testsuite> <!-- Default test -->
