<?xml version="1.0" encoding="UTF-8"?>
<!-- Generated by org.testng.reporters.JUnitXMLReporter -->
<testsuite hostname="LAPTOP-O6B4NDTN" ignored="0" name="Test" tests="3" failures="0" timestamp="23 Oct 2018 07:39:14 GMT" time="56.786" errors="0">
  <testcase name="openWebsite" time="50.887" classname="test.HomeSearchTest"/>
  <testcase name="searchResultCount" time="0.084" classname="test.HomeSearchTest"/>
  <testcase name="searchHomes" time="5.76" classname="test.HomeSearchTest"/>
</testsuite> <!-- Test -->
