<?xml version="1.0" encoding="UTF-8"?>
<!-- Generated by org.testng.reporters.JUnitXMLReporter -->
<testsuite hostname="LAPTOP-O6B4NDTN" name="Command line test" tests="3" failures="0" timestamp="23 Oct 2018 07:51:52 GMT" time="12.439" errors="0">
  <testcase name="openWebsite" time="11.683" classname="test.HomeSearchTest"/>
  <testcase name="searchResultCount" time="0.088" classname="test.HomeSearchTest"/>
  <testcase name="searchHomes" time="0.653" classname="test.HomeSearchTest"/>
</testsuite> <!-- Command line test -->
