<?xml version="1.0" encoding="UTF-8"?>
<testng-results skipped="0" failed="0" ignored="0" total="3" passed="3">
  <reporter-output>
  </reporter-output>
  <suite name="Suite" duration-ms="56786" started-at="2018-10-23T07:38:18Z" finished-at="2018-10-23T07:39:14Z">
    <groups>
    </groups>
    <test name="Test" duration-ms="56786" started-at="2018-10-23T07:38:18Z" finished-at="2018-10-23T07:39:14Z">
      <class name="test.HomeSearchTest">
        <test-method status="PASS" signature="openWebsite()[pri:1, instance:test.HomeSearchTest@238d68ff]" name="openWebsite" duration-ms="50887" started-at="2018-10-23T07:38:18Z" finished-at="2018-10-23T07:39:09Z">
          <reporter-output>
          </reporter-output>
        </test-method> <!-- openWebsite -->
        <test-method status="PASS" signature="searchResultCount()[pri:2, instance:test.HomeSearchTest@238d68ff]" name="searchResultCount" duration-ms="84" started-at="2018-10-23T07:39:09Z" finished-at="2018-10-23T07:39:09Z">
          <reporter-output>
          </reporter-output>
        </test-method> <!-- searchResultCount -->
        <test-method status="PASS" signature="searchHomes()[pri:3, instance:test.HomeSearchTest@238d68ff]" name="searchHomes" duration-ms="5760" started-at="2018-10-23T07:39:09Z" finished-at="2018-10-23T07:39:14Z">
          <reporter-output>
          </reporter-output>
        </test-method> <!-- searchHomes -->
      </class> <!-- test.HomeSearchTest -->
    </test> <!-- Test -->
  </suite> <!-- Suite -->
</testng-results>
